The files belonging to this database system will be owned by user "postgres".
This user must also own the server process.

The database cluster will be initialized with locale "en_US.utf8".
The default database encoding has accordingly been set to "UTF8".
The default text search configuration will be set to "english".

Data page checksums are disabled.

fixing permissions on existing directory /var/lib/postgresql/data ... ok
creating subdirectories ... ok
selecting dynamic shared memory implementation ... posix
selecting default max_connections ... 100
selecting default shared_buffers ... 128MB
selecting default time zone ... Etc/UTC
creating configuration files ... ok
running bootstrap script ... ok
performing post-bootstrap initialization ... ok
initdb: warning: enabling "trust" authentication for local connections
initdb: hint: You can change this by editing pg_hba.conf or using the option -A, or --auth-local and --auth-host, the next time you run initdb.
syncing data to disk ... ok


Success. You can now start the database server using:

    pg_ctl -D /var/lib/postgresql/data -l logfile start

waiting for server to start....2025-05-22 15:32:19.333 UTC [49] LOG:  starting PostgreSQL 15.13 (Debian 15.13-1.pgdg120+1) on x86_64-pc-linux-gnu, compiled by gcc (Debian 12.2.0-14) 12.2.0, 64-bit
2025-05-22 15:32:19.336 UTC [49] LOG:  listening on Unix socket "/var/run/postgresql/.s.PGSQL.5432"
2025-05-22 15:32:19.350 UTC [52] LOG:  database system was shut down at 2025-05-22 15:32:19 UTC
2025-05-22 15:32:19.360 UTC [49] LOG:  database system is ready to accept connections
 done
server started
CREATE DATABASE


/usr/local/bin/docker-entrypoint.sh: ignoring /docker-entrypoint-initdb.d/*

2025-05-22 15:32:19.692 UTC [49] LOG:  received fast shutdown request
waiting for server to shut down....2025-05-22 15:32:19.696 UTC [49] LOG:  aborting any active transactions
2025-05-22 15:32:19.703 UTC [49] LOG:  background worker "logical replication launcher" (PID 55) exited with exit code 1
2025-05-22 15:32:19.703 UTC [50] LOG:  shutting down
2025-05-22 15:32:19.706 UTC [50] LOG:  checkpoint starting: shutdown immediate
2025-05-22 15:32:19.761 UTC [50] LOG:  checkpoint complete: wrote 918 buffers (5.6%); 0 WAL file(s) added, 0 removed, 0 recycled; write=0.036 s, sync=0.009 s, total=0.058 s; sync files=301, longest=0.003 s, average=0.001 s; distance=4222 kB, estimate=4222 kB
2025-05-22 15:32:19.772 UTC [49] LOG:  database system is shut down
 done
server stopped

PostgreSQL init process complete; ready for start up.

2025-05-22 15:32:19.835 UTC [1] LOG:  starting PostgreSQL 15.13 (Debian 15.13-1.pgdg120+1) on x86_64-pc-linux-gnu, compiled by gcc (Debian 12.2.0-14) 12.2.0, 64-bit
2025-05-22 15:32:19.837 UTC [1] LOG:  listening on IPv4 address "0.0.0.0", port 5432
2025-05-22 15:32:19.837 UTC [1] LOG:  listening on IPv6 address "::", port 5432
2025-05-22 15:32:19.844 UTC [1] LOG:  listening on Unix socket "/var/run/postgresql/.s.PGSQL.5432"
2025-05-22 15:32:19.854 UTC [65] LOG:  database system was shut down at 2025-05-22 15:32:19 UTC
2025-05-22 15:32:19.863 UTC [1] LOG:  database system is ready to accept connections
2025-05-22 15:37:19.953 UTC [63] LOG:  checkpoint starting: time
2025-05-22 15:37:24.096 UTC [63] LOG:  checkpoint complete: wrote 44 buffers (0.3%); 0 WAL file(s) added, 0 removed, 0 recycled; write=4.126 s, sync=0.006 s, total=4.144 s; sync files=12, longest=0.004 s, average=0.001 s; distance=252 kB, estimate=252 kB
2025-05-22 15:40:44.858 UTC [91] FATAL:  role "user" does not exist
2025-05-22 15:59:24.357 UTC [136] FATAL:  role "user" does not exist
2025-05-22 16:07:19.696 UTC [63] LOG:  checkpoint starting: time
2025-05-22 16:07:25.860 UTC [63] LOG:  checkpoint complete: wrote 62 buffers (0.4%); 0 WAL file(s) added, 0 removed, 0 recycled; write=6.126 s, sync=0.005 s, total=6.164 s; sync files=48, longest=0.004 s, average=0.001 s; distance=194 kB, estimate=246 kB
